<?xml version="1.0" encoding="UTF-8"?>
<testng-results skipped="0" failed="0" ignored="1" total="2" passed="1">
  <reporter-output>
  </reporter-output>
  <suite name="Default suite" duration-ms="95" started-at="2019-06-23T21:33:27Z" finished-at="2019-06-23T21:33:27Z">
    <groups>
    </groups>
    <test name="Default test" duration-ms="95" started-at="2019-06-23T21:33:27Z" finished-at="2019-06-23T21:33:27Z">
      <class name="rest.commonmethod.SampleTry">
        <test-method status="PASS" signature="loadpro()[pri:0, instance:rest.commonmethod.SampleTry@46d56d67]" name="loadpro" duration-ms="28" started-at="2019-06-23T21:33:27Z" finished-at="2019-06-23T21:33:27Z">
          <reporter-output>
          </reporter-output>
        </test-method> <!-- loadpro -->
      </class> <!-- rest.commonmethod.SampleTry -->
    </test> <!-- Default test -->
  </suite> <!-- Default suite -->
</testng-results>
