<?xml version="1.0" encoding="UTF-8"?>
<testng-results skipped="0" failed="0" ignored="0" total="1" passed="1">
  <reporter-output>
  </reporter-output>
  <suite name="Default suite" duration-ms="29080" started-at="2019-06-20T11:23:31Z" finished-at="2019-06-20T11:24:00Z">
    <groups>
    </groups>
    <test name="Default test" duration-ms="29080" started-at="2019-06-20T11:23:31Z" finished-at="2019-06-20T11:24:00Z">
      <class name="rest.commonmethod.SampleTry">
        <test-method status="PASS" signature="clickOnbtn()[pri:0, instance:rest.commonmethod.SampleTry@46d56d67]" name="clickOnbtn" duration-ms="28991" started-at="2019-06-20T11:23:31Z" finished-at="2019-06-20T11:24:00Z">
          <reporter-output>
          </reporter-output>
        </test-method> <!-- clickOnbtn -->
      </class> <!-- rest.commonmethod.SampleTry -->
    </test> <!-- Default test -->
  </suite> <!-- Default suite -->
</testng-results>
